<?xml version="1.0" encoding="UTF-8"?>
<testsuite name="models.SquadTest" tests="1" skipped="0" failures="0" errors="0" timestamp="2021-06-21T02:33:22" hostname="moringa-ThinkPad-T450s" time="0.002">
  <properties/>
  <testcase name="NewSquadObjectGetsCorrectlyCreated_True" classname="models.SquadTest" time="0.002"/>
  <system-out><![CDATA[]]></system-out>
  <system-err><![CDATA[]]></system-err>
</testsuite>
